<!DOCTYPE html PUBLIC "-//W3C//DTD XHTML 1.1//EN" "https://www.w3.org/TR/xhtml11/DTD/xhtml11.dtd">
<html xmlns="https://www.w3.org/1999/xhtml">
<head>
<meta http-equiv="content-type" content="text/html; charset=UTF-8"/>
<title>TestNG Report</title>
<style type="text/css">table {margin-bottom:10px;border-collapse:collapse;empty-cells:show}th,td {border:1px solid #009;padding:.25em .5em}th {vertical-align:bottom}td {vertical-align:top}table a {font-weight:bold}.stripe td {background-color: #E6EBF9}.num {text-align:right}.passedodd td {background-color: #3F3}.passedeven td {background-color: #0A0}.skippedodd td {background-color: #DDD}.skippedeven td {background-color: #CCC}.failedodd td,.attn {background-color: #F33}.failedeven td,.stripe .attn {background-color: #D00}.stacktrace {white-space:pre;font-family:monospace}.totop {font-size:85%;text-align:center;border-bottom:2px solid #000}.invisible {display:none}</style>
</head>
<body>
<table>
<tr><th>Test</th><th># Passed</th><th># Skipped</th><th># Retried</th><th># Failed</th><th>Time (ms)</th><th>Included Groups</th><th>Excluded Groups</th></tr>
<tr><th colspan="8">Suite1234</th></tr>
<tr><td><a href="#t0">Chrome</a></td><td class="num">0</td><td class="num attn">2</td><td class="num">0</td><td class="num attn">1</td><td class="num">3,653</td><td></td><td></td></tr>
<tr class="stripe"><td><a href="#t1">Edge</a></td><td class="num">0</td><td class="num attn">2</td><td class="num">0</td><td class="num attn">1</td><td class="num">6,235</td><td></td><td></td></tr>
<tr><th>Total</th><th class="num">0</th><th class="num attn">4</th><th class="num">0</th><th class="num attn">2</th><th class="num">9,888</th><th colspan="2"></th></tr>
</table>
<table id='summary'><thead><tr><th>Class</th><th>Method</th><th>Start</th><th>Time (ms)</th></tr></thead><tbody><tr><th colspan="4">Suite1234</th></tr></tbody><tbody id="t0"><tr><th colspan="4">Chrome &#8212; failed (configuration methods)</th></tr><tr class="failedeven"><td rowspan="1">test.VerifyAttributeValueCreateNewAccount</td><td><a href="#m0">takeScreenShot</a></td><td rowspan="1">1664539493041</td><td rowspan="1">2</td></tr><tr><th colspan="4">Chrome &#8212; failed</th></tr><tr class="failedeven"><td rowspan="1">test.VerifyAttributeValueCreateNewAccount</td><td><a href="#m1">verifyAttributeValueFirstName</a></td><td rowspan="1">1664539492333</td><td rowspan="1">705</td></tr><tr><th colspan="4">Chrome &#8212; skipped (configuration methods)</th></tr><tr class="skippedeven"><td rowspan="6">test.VerifyAttributeValueCreateNewAccount</td><td><a href="#m2">closeBrowser</a></td><td rowspan="1">1664539493066</td><td rowspan="1">-1664539493066</td></tr><tr class="skippedeven"><td><a href="#m3">openURL</a></td><td rowspan="2">1664539493056</td><td rowspan="2">-1664539493056</td></tr><tr class="skippedeven"><td><a href="#m4">openURL</a></td></tr><tr class="skippedeven"><td><a href="#m5">removeObject</a></td><td rowspan="1">1664539493064</td><td rowspan="1">-1664539493064</td></tr><tr class="skippedeven"><td><a href="#m6">takeScreenShot</a></td><td rowspan="2">1664539493062</td><td rowspan="2">-1664539493062</td></tr><tr class="skippedeven"><td><a href="#m7">takeScreenShot</a></td></tr><tr><th colspan="4">Chrome &#8212; skipped</th></tr><tr class="skippedeven"><td rowspan="2">test.VerifyAttributeValueCreateNewAccount</td><td><a href="#m8">verifyAttributeValueLastName</a></td><td rowspan="1">1664539493049</td><td rowspan="1">0</td></tr><tr class="skippedeven"><td><a href="#m9">verifyAttributeValueMobileEmailId</a></td><td rowspan="1">1664539493059</td><td rowspan="1">0</td></tr></tbody>
<tbody id="t1"><tr><th colspan="4">Edge &#8212; failed (configuration methods)</th></tr><tr class="failedeven"><td rowspan="1">test.VerifyAttributeValueCreateNewAccount</td><td><a href="#m10">takeScreenShot</a></td><td rowspan="1">1664539499303</td><td rowspan="1">9</td></tr><tr><th colspan="4">Edge &#8212; failed</th></tr><tr class="failedeven"><td rowspan="1">test.VerifyAttributeValueCreateNewAccount</td><td><a href="#m11">verifyAttributeValueFirstName</a></td><td rowspan="1">1664539498522</td><td rowspan="1">781</td></tr><tr><th colspan="4">Edge &#8212; skipped (configuration methods)</th></tr><tr class="skippedeven"><td rowspan="6">test.VerifyAttributeValueCreateNewAccount</td><td><a href="#m12">closeBrowser</a></td><td rowspan="1">1664539499342</td><td rowspan="1">-1664539499342</td></tr><tr class="skippedeven"><td><a href="#m13">openURL</a></td><td rowspan="2">1664539499324</td><td rowspan="2">-1664539499324</td></tr><tr class="skippedeven"><td><a href="#m14">openURL</a></td></tr><tr class="skippedeven"><td><a href="#m15">removeObject</a></td><td rowspan="1">1664539499331</td><td rowspan="1">-1664539499331</td></tr><tr class="skippedeven"><td><a href="#m16">takeScreenShot</a></td><td rowspan="2">1664539499328</td><td rowspan="2">-1664539499328</td></tr><tr class="skippedeven"><td><a href="#m17">takeScreenShot</a></td></tr><tr><th colspan="4">Edge &#8212; skipped</th></tr><tr class="skippedeven"><td rowspan="2">test.VerifyAttributeValueCreateNewAccount</td><td><a href="#m18">verifyAttributeValueLastName</a></td><td rowspan="1">1664539499317</td><td rowspan="1">0</td></tr><tr class="skippedeven"><td><a href="#m19">verifyAttributeValueMobileEmailId</a></td><td rowspan="1">1664539499326</td><td rowspan="1">0</td></tr></tbody>
</table>
<h2>Chrome</h2><h3 id="m0">test.VerifyAttributeValueCreateNewAccount#takeScreenShot</h3><table class="result"><tr class="param"><th>Parameter #1</th></tr><tr class="param stripe"><td>[TestResult name=verifyAttributeValueFirstName status=FAILURE method=VerifyAttributeValueCreateNewAccount.verifyAttributeValueFirstName()[pri:1, instance:test.VerifyAttributeValueCreateNewAccount@359f7cdf] output={null}]</td></tr><tr><th>Exception</th></tr><tr><td><div class="stacktrace">java.lang.NullPointerException: Cannot invoke &quot;org.openqa.selenium.TakesScreenshot.getScreenshotAs(org.openqa.selenium.OutputType)&quot; because &quot;utils.Utility.takesScreenshot&quot; is null
	at utils.Utility.screenShot(Utility.java:32)
	at test.VerifyAttributeValueCreateNewAccount.takeScreenShot(VerifyAttributeValueCreateNewAccount.java:87)
	at java.base/java.util.concurrent.ThreadPoolExecutor.runWorker(ThreadPoolExecutor.java:1136)
	at java.base/java.util.concurrent.ThreadPoolExecutor$Worker.run(ThreadPoolExecutor.java:635)
	at java.base/java.lang.Thread.run(Thread.java:833)
... Removed 15 stack frames</div></td></tr></table><p class="totop"><a href="#summary">back to summary</a></p>
<h3 id="m1">test.VerifyAttributeValueCreateNewAccount#verifyAttributeValueFirstName</h3><table class="result"><tr><th>Exception</th></tr><tr><td><div class="stacktrace">java.lang.AssertionError: The following asserts failed:
	expected [true] but found [false]
	at test.VerifyAttributeValueCreateNewAccount.verifyAttributeValueFirstName(VerifyAttributeValueCreateNewAccount.java:64)
	at java.base/java.util.concurrent.ThreadPoolExecutor.runWorker(ThreadPoolExecutor.java:1136)
	at java.base/java.util.concurrent.ThreadPoolExecutor$Worker.run(ThreadPoolExecutor.java:635)
	at java.base/java.lang.Thread.run(Thread.java:833)
... Removed 12 stack frames</div></td></tr></table><p class="totop"><a href="#summary">back to summary</a></p>
<h3 id="m2">test.VerifyAttributeValueCreateNewAccount#closeBrowser</h3><table class="result"><tr><th class="invisible"/></tr></table><p class="totop"><a href="#summary">back to summary</a></p>
<h3 id="m3">test.VerifyAttributeValueCreateNewAccount#openURL</h3><table class="result"><tr><th class="invisible"/></tr></table><p class="totop"><a href="#summary">back to summary</a></p>
<h3 id="m4">test.VerifyAttributeValueCreateNewAccount#openURL</h3><table class="result"><tr><th class="invisible"/></tr></table><p class="totop"><a href="#summary">back to summary</a></p>
<h3 id="m5">test.VerifyAttributeValueCreateNewAccount#removeObject</h3><table class="result"><tr><th class="invisible"/></tr></table><p class="totop"><a href="#summary">back to summary</a></p>
<h3 id="m6">test.VerifyAttributeValueCreateNewAccount#takeScreenShot</h3><table class="result"><tr><th class="invisible"/></tr></table><p class="totop"><a href="#summary">back to summary</a></p>
<h3 id="m7">test.VerifyAttributeValueCreateNewAccount#takeScreenShot</h3><table class="result"><tr><th class="invisible"/></tr></table><p class="totop"><a href="#summary">back to summary</a></p>
<h3 id="m8">test.VerifyAttributeValueCreateNewAccount#verifyAttributeValueLastName</h3><table class="result"><tr><th>Exception</th></tr><tr><td><div class="stacktrace">java.lang.NullPointerException: Cannot invoke &quot;org.openqa.selenium.TakesScreenshot.getScreenshotAs(org.openqa.selenium.OutputType)&quot; because &quot;utils.Utility.takesScreenshot&quot; is null
	at utils.Utility.screenShot(Utility.java:32)
	at test.VerifyAttributeValueCreateNewAccount.takeScreenShot(VerifyAttributeValueCreateNewAccount.java:87)
	at java.base/java.util.concurrent.ThreadPoolExecutor.runWorker(ThreadPoolExecutor.java:1136)
	at java.base/java.util.concurrent.ThreadPoolExecutor$Worker.run(ThreadPoolExecutor.java:635)
	at java.base/java.lang.Thread.run(Thread.java:833)
... Removed 15 stack frames</div></td></tr></table><p class="totop"><a href="#summary">back to summary</a></p>
<h3 id="m9">test.VerifyAttributeValueCreateNewAccount#verifyAttributeValueMobileEmailId</h3><table class="result"><tr><th>Exception</th></tr><tr><td><div class="stacktrace">java.lang.NullPointerException: Cannot invoke &quot;org.openqa.selenium.TakesScreenshot.getScreenshotAs(org.openqa.selenium.OutputType)&quot; because &quot;utils.Utility.takesScreenshot&quot; is null
	at utils.Utility.screenShot(Utility.java:32)
	at test.VerifyAttributeValueCreateNewAccount.takeScreenShot(VerifyAttributeValueCreateNewAccount.java:87)
	at java.base/java.util.concurrent.ThreadPoolExecutor.runWorker(ThreadPoolExecutor.java:1136)
	at java.base/java.util.concurrent.ThreadPoolExecutor$Worker.run(ThreadPoolExecutor.java:635)
	at java.base/java.lang.Thread.run(Thread.java:833)
... Removed 15 stack frames</div></td></tr></table><p class="totop"><a href="#summary">back to summary</a></p>
<h2>Edge</h2><h3 id="m10">test.VerifyAttributeValueCreateNewAccount#takeScreenShot</h3><table class="result"><tr class="param"><th>Parameter #1</th></tr><tr class="param stripe"><td>[TestResult name=verifyAttributeValueFirstName status=FAILURE method=VerifyAttributeValueCreateNewAccount.verifyAttributeValueFirstName()[pri:1, instance:test.VerifyAttributeValueCreateNewAccount@747ddf94] output={null}]</td></tr><tr><th>Exception</th></tr><tr><td><div class="stacktrace">java.lang.NullPointerException: Cannot invoke &quot;org.openqa.selenium.TakesScreenshot.getScreenshotAs(org.openqa.selenium.OutputType)&quot; because &quot;utils.Utility.takesScreenshot&quot; is null
	at utils.Utility.screenShot(Utility.java:32)
	at test.VerifyAttributeValueCreateNewAccount.takeScreenShot(VerifyAttributeValueCreateNewAccount.java:87)
	at java.base/java.util.concurrent.ThreadPoolExecutor.runWorker(ThreadPoolExecutor.java:1136)
	at java.base/java.util.concurrent.ThreadPoolExecutor$Worker.run(ThreadPoolExecutor.java:635)
	at java.base/java.lang.Thread.run(Thread.java:833)
... Removed 15 stack frames</div></td></tr></table><p class="totop"><a href="#summary">back to summary</a></p>
<h3 id="m11">test.VerifyAttributeValueCreateNewAccount#verifyAttributeValueFirstName</h3><table class="result"><tr><th>Exception</th></tr><tr><td><div class="stacktrace">java.lang.AssertionError: The following asserts failed:
	expected [true] but found [false]
	at test.VerifyAttributeValueCreateNewAccount.verifyAttributeValueFirstName(VerifyAttributeValueCreateNewAccount.java:64)
	at java.base/java.util.concurrent.ThreadPoolExecutor.runWorker(ThreadPoolExecutor.java:1136)
	at java.base/java.util.concurrent.ThreadPoolExecutor$Worker.run(ThreadPoolExecutor.java:635)
	at java.base/java.lang.Thread.run(Thread.java:833)
... Removed 12 stack frames</div></td></tr></table><p class="totop"><a href="#summary">back to summary</a></p>
<h3 id="m12">test.VerifyAttributeValueCreateNewAccount#closeBrowser</h3><table class="result"><tr><th class="invisible"/></tr></table><p class="totop"><a href="#summary">back to summary</a></p>
<h3 id="m13">test.VerifyAttributeValueCreateNewAccount#openURL</h3><table class="result"><tr><th class="invisible"/></tr></table><p class="totop"><a href="#summary">back to summary</a></p>
<h3 id="m14">test.VerifyAttributeValueCreateNewAccount#openURL</h3><table class="result"><tr><th class="invisible"/></tr></table><p class="totop"><a href="#summary">back to summary</a></p>
<h3 id="m15">test.VerifyAttributeValueCreateNewAccount#removeObject</h3><table class="result"><tr><th class="invisible"/></tr></table><p class="totop"><a href="#summary">back to summary</a></p>
<h3 id="m16">test.VerifyAttributeValueCreateNewAccount#takeScreenShot</h3><table class="result"><tr><th class="invisible"/></tr></table><p class="totop"><a href="#summary">back to summary</a></p>
<h3 id="m17">test.VerifyAttributeValueCreateNewAccount#takeScreenShot</h3><table class="result"><tr><th class="invisible"/></tr></table><p class="totop"><a href="#summary">back to summary</a></p>
<h3 id="m18">test.VerifyAttributeValueCreateNewAccount#verifyAttributeValueLastName</h3><table class="result"><tr><th>Exception</th></tr><tr><td><div class="stacktrace">java.lang.NullPointerException: Cannot invoke &quot;org.openqa.selenium.TakesScreenshot.getScreenshotAs(org.openqa.selenium.OutputType)&quot; because &quot;utils.Utility.takesScreenshot&quot; is null
	at utils.Utility.screenShot(Utility.java:32)
	at test.VerifyAttributeValueCreateNewAccount.takeScreenShot(VerifyAttributeValueCreateNewAccount.java:87)
	at java.base/java.util.concurrent.ThreadPoolExecutor.runWorker(ThreadPoolExecutor.java:1136)
	at java.base/java.util.concurrent.ThreadPoolExecutor$Worker.run(ThreadPoolExecutor.java:635)
	at java.base/java.lang.Thread.run(Thread.java:833)
... Removed 15 stack frames</div></td></tr></table><p class="totop"><a href="#summary">back to summary</a></p>
<h3 id="m19">test.VerifyAttributeValueCreateNewAccount#verifyAttributeValueMobileEmailId</h3><table class="result"><tr><th>Exception</th></tr><tr><td><div class="stacktrace">java.lang.NullPointerException: Cannot invoke &quot;org.openqa.selenium.TakesScreenshot.getScreenshotAs(org.openqa.selenium.OutputType)&quot; because &quot;utils.Utility.takesScreenshot&quot; is null
	at utils.Utility.screenShot(Utility.java:32)
	at test.VerifyAttributeValueCreateNewAccount.takeScreenShot(VerifyAttributeValueCreateNewAccount.java:87)
	at java.base/java.util.concurrent.ThreadPoolExecutor.runWorker(ThreadPoolExecutor.java:1136)
	at java.base/java.util.concurrent.ThreadPoolExecutor$Worker.run(ThreadPoolExecutor.java:635)
	at java.base/java.lang.Thread.run(Thread.java:833)
... Removed 15 stack frames</div></td></tr></table><p class="totop"><a href="#summary">back to summary</a></p>
</body>
</html>
