<?xml version="1.0" encoding="UTF-8"?>
<!-- Generated by org.testng.reporters.JUnitXMLReporter -->
<testsuite ignored="0" hostname="LAPTOP-3JRU7OQF" failures="1" tests="3" name="Edge" time="6.235" errors="0" timestamp="2022-09-30T17:34:59 IST">
  <testcase classname="test.VerifyAttributeValueCreateNewAccount" name="@AfterMethod takeScreenShot" time="0.009">
    <failure type="java.lang.NullPointerException" message="Cannot invoke &amp;quot;org.openqa.selenium.TakesScreenshot.getScreenshotAs(org.openqa.selenium.OutputType)&amp;quot; because &amp;quot;utils.Utility.takesScreenshot&amp;quot; is null">
      <![CDATA[java.lang.NullPointerException: Cannot invoke "org.openqa.selenium.TakesScreenshot.getScreenshotAs(org.openqa.selenium.OutputType)" because "utils.Utility.takesScreenshot" is null
at utils.Utility.screenShot(Utility.java:32)
at test.VerifyAttributeValueCreateNewAccount.takeScreenShot(VerifyAttributeValueCreateNewAccount.java:87)
at java.base/java.util.concurrent.ThreadPoolExecutor.runWorker(ThreadPoolExecutor.java:1136)
at java.base/java.util.concurrent.ThreadPoolExecutor$Worker.run(ThreadPoolExecutor.java:635)
at java.base/java.lang.Thread.run(Thread.java:833)
... Removed 15 stack frames]]>
    </failure>
  </testcase> <!-- @AfterMethod takeScreenShot -->
  <testcase classname="test.VerifyAttributeValueCreateNewAccount" name="@BeforeMethod openURL" time="-1.664539499315E9">
    <skipped/>
  </testcase> <!-- @BeforeMethod openURL -->
  <testcase classname="test.VerifyAttributeValueCreateNewAccount" name="@AfterMethod takeScreenShot" time="-1.664539499319E9">
    <skipped/>
  </testcase> <!-- @AfterMethod takeScreenShot -->
  <testcase classname="test.VerifyAttributeValueCreateNewAccount" name="@BeforeMethod openURL" time="-1.664539499324E9">
    <skipped/>
  </testcase> <!-- @BeforeMethod openURL -->
  <testcase classname="test.VerifyAttributeValueCreateNewAccount" name="@AfterMethod takeScreenShot" time="-1.664539499328E9">
    <skipped/>
  </testcase> <!-- @AfterMethod takeScreenShot -->
  <testcase classname="test.VerifyAttributeValueCreateNewAccount" name="@AfterClass removeObject" time="-1.664539499331E9">
    <skipped/>
  </testcase> <!-- @AfterClass removeObject -->
  <testcase classname="test.VerifyAttributeValueCreateNewAccount" name="@AfterTest closeBrowser" time="-1.664539499342E9">
    <skipped/>
  </testcase> <!-- @AfterTest closeBrowser -->
  <testcase classname="test.VerifyAttributeValueCreateNewAccount" name="verifyAttributeValueFirstName" time="0.781">
    <failure type="java.lang.AssertionError" message="The following asserts failed:
	expected [true] but found [false]">
      <![CDATA[java.lang.AssertionError: The following asserts failed:
expected [true] but found [false]
at test.VerifyAttributeValueCreateNewAccount.verifyAttributeValueFirstName(VerifyAttributeValueCreateNewAccount.java:64)
at java.base/java.util.concurrent.ThreadPoolExecutor.runWorker(ThreadPoolExecutor.java:1136)
at java.base/java.util.concurrent.ThreadPoolExecutor$Worker.run(ThreadPoolExecutor.java:635)
at java.base/java.lang.Thread.run(Thread.java:833)
... Removed 12 stack frames]]>
    </failure>
  </testcase> <!-- verifyAttributeValueFirstName -->
  <testcase classname="test.VerifyAttributeValueCreateNewAccount" name="verifyAttributeValueLastName" time="0.0">
    <skipped/>
  </testcase> <!-- verifyAttributeValueLastName -->
  <testcase classname="test.VerifyAttributeValueCreateNewAccount" name="verifyAttributeValueMobileEmailId" time="0.0">
    <skipped/>
  </testcase> <!-- verifyAttributeValueMobileEmailId -->
</testsuite> <!-- Edge -->
