<?xml version="1.0" encoding="UTF-8"?>
<!-- Generated by org.testng.reporters.JUnitXMLReporter -->
<testsuite ignored="1" hostname="LAPTOP-3JRU7OQF" failures="1" tests="6" name="Test" time="18.155" errors="0" timestamp="2022-09-23T20:20:52 IST">
  <testcase classname="test.verifySexOptions" name="verifyCustomButtons" time="0.655"/>
  <testcase classname="test.VerifyAttributeValueCreateNewAccount" name="verifyAttributeValueFirstName" time="0.669"/>
  <testcase classname="test.VerifyAttributeValueCreateNewAccount" name="verifyAttributeValueLastName" time="0.481"/>
  <testcase classname="test.VerifyAttributeValueCreateNewAccount" name="verifyAttributeValueMobileEmailId" time="0.409"/>
  <testcase classname="test.testng" name="Test" time="0.001"/>
  <testcase classname="test.verifyBirthday" name="verifyBirthday" time="0.952">
    <failure type="java.lang.AssertionError" message="The following asserts failed:
	expected [true] but found [false],
	expected [true] but found [false],
	expected [true] but found [false]">
      <![CDATA[java.lang.AssertionError: The following asserts failed:
expected [true] but found [false],
expected [true] but found [false],
expected [true] but found [false]
at test.verifyBirthday.verifyBirthday(verifyBirthday.java:51)
at java.base/java.util.ArrayList.forEach(ArrayList.java:1511)
... Removed 27 stack frames]]>
    </failure>
  </testcase> <!-- verifyBirthday -->
  <testcase classname="test.verifySexOptions" name="verifySexButtons" time="0.0">
    <ignored/>
  </testcase> <!-- verifySexButtons -->
</testsuite> <!-- Test -->
